[01m[K/home/ngvedu/auto/src/auto/src/compute_node.cpp:[m[K In constructor â€˜[01m[Kcompute::compute()[m[Kâ€™:
[01m[K/home/ngvedu/auto/src/auto/src/compute_node.cpp:24:66:[m[K [01;31m[Kerror: [m[Kâ€˜[01m[K_1[m[Kâ€™ was not declared in this scope; did you mean â€˜[01m[Kstd::placeholders::_1[m[Kâ€™?
   24 |       "sense/out", 10, std::bind(&compute::topic_callback, this, [01;31m[K_1[m[K));
      |                                                                  [01;31m[K^~[m[K
      |                                                                  [32m[Kstd::placeholders::_1[m[K
In file included from [01m[K/home/ngvedu/auto/src/auto/src/compute_node.cpp:7[m[K:
[01m[K/usr/include/c++/9/functional:211:34:[m[K [01;36m[Knote: [m[Kâ€˜[01m[Kstd::placeholders::_1[m[Kâ€™ declared here
  211 |     extern const _Placeholder<1> [01;36m[K_1[m[K;
      |                                  [01;36m[K^~[m[K
make[2]: *** [CMakeFiles/compute.dir/build.make:76: CMakeFiles/compute.dir/src/compute_node.cpp.o] Error 1
make[1]: *** [CMakeFiles/Makefile2:80: CMakeFiles/compute.dir/all] Error 2
make: *** [Makefile:141: all] Error 2
