[0.037s] Invoking command in '/home/ngvedu/auto/build/auto': CMAKE_PREFIX_PATH=${CMAKE_PREFIX_PATH}:/opt/ros/foxy /usr/bin/cmake --build /home/ngvedu/auto/build/auto -- -j2 -l2
[0.107s] -- Found ament_cmake: 0.9.9 (/opt/ros/foxy/share/ament_cmake/cmake)
[0.141s] -- Using PYTHON_EXECUTABLE: /usr/bin/python3
[0.397s] -- Found ament_cmake_ros: 0.9.2 (/opt/ros/foxy/share/ament_cmake_ros/cmake)
[0.402s] -- Found rclcpp: 2.4.0 (/opt/ros/foxy/share/rclcpp/cmake)
[0.630s] -- Using all available rosidl_typesupport_c: rosidl_typesupport_fastrtps_c;rosidl_typesupport_introspection_c
[0.640s] -- Found rosidl_adapter: 1.2.1 (/opt/ros/foxy/share/rosidl_adapter/cmake)
[4.893s] -- Using all available rosidl_typesupport_cpp: rosidl_typesupport_fastrtps_cpp;rosidl_typesupport_introspection_cpp
[4.966s] -- Found rmw_implementation_cmake: 1.0.3 (/opt/ros/foxy/share/rmw_implementation_cmake/cmake)
[4.969s] -- Using RMW implementation 'rmw_fastrtps_cpp' as default
[5.264s] -- Configuring done
[5.296s] -- Generating done
[5.302s] -- Build files have been written to: /home/ngvedu/auto/build/auto
[5.352s] [35m[1mScanning dependencies of target compute[0m
[5.456s] [ 50%] Built target sense
[5.507s] [ 66%] [32mBuilding CXX object CMakeFiles/compute.dir/src/compute_node.cpp.o[0m
[5.511s] [ 83%] [32mBuilding C object CMakeFiles/compute.dir/src/Compute.c.o[0m
[8.503s] [01m[K/home/ngvedu/auto/src/auto/src/compute_node.cpp:[m[K In constructor â€˜[01m[Kcompute::compute()[m[Kâ€™:
[8.504s] [01m[K/home/ngvedu/auto/src/auto/src/compute_node.cpp:24:66:[m[K [01;31m[Kerror: [m[Kâ€˜[01m[K_1[m[Kâ€™ was not declared in this scope; did you mean â€˜[01m[Kstd::placeholders::_1[m[Kâ€™?
[8.504s]    24 |       "sense/out", 10, std::bind(&compute::topic_callback, this, [01;31m[K_1[m[K));
[8.504s]       |                                                                  [01;31m[K^~[m[K
[8.504s]       |                                                                  [32m[Kstd::placeholders::_1[m[K
[8.504s] In file included from [01m[K/home/ngvedu/auto/src/auto/src/compute_node.cpp:7[m[K:
[8.504s] [01m[K/usr/include/c++/9/functional:211:34:[m[K [01;36m[Knote: [m[Kâ€˜[01m[Kstd::placeholders::_1[m[Kâ€™ declared here
[8.504s]   211 |     extern const _Placeholder<1> [01;36m[K_1[m[K;
[8.505s]       |                                  [01;36m[K^~[m[K
[9.145s] make[2]: *** [CMakeFiles/compute.dir/build.make:76: CMakeFiles/compute.dir/src/compute_node.cpp.o] Error 1
[9.147s] make[1]: *** [CMakeFiles/Makefile2:80: CMakeFiles/compute.dir/all] Error 2
[9.147s] make: *** [Makefile:141: all] Error 2
[9.150s] Invoked command in '/home/ngvedu/auto/build/auto' returned '2': CMAKE_PREFIX_PATH=${CMAKE_PREFIX_PATH}:/opt/ros/foxy /usr/bin/cmake --build /home/ngvedu/auto/build/auto -- -j2 -l2
