[01m[K/home/ngvedu/auto/src/auto/src/actuate_node.cpp:[m[K In member function â€˜[01m[Kvoid actuate::topic_callback(std_msgs::msg::Float64_<std::allocator<void> >::SharedPtr) const[m[Kâ€™:
[01m[K/home/ngvedu/auto/src/auto/src/actuate_node.cpp:38:7:[m[K [01;31m[Kerror: [m[Kâ€˜[01m[KActuate_U[m[Kâ€™ was not declared in this scope; did you mean â€˜[01m[Kactuate[m[Kâ€™?
   38 |       [01;31m[KActuate_U[m[K.in = msg->data;
      |       [01;31m[K^~~~~~~~~[m[K
      |       [32m[Kactuate[m[K
[01m[K/home/ngvedu/auto/src/auto/src/actuate_node.cpp:[m[K In member function â€˜[01m[Kvoid actuate::timer_callback()[m[Kâ€™:
[01m[K/home/ngvedu/auto/src/auto/src/actuate_node.cpp:46:22:[m[K [01;31m[Kerror: [m[Kâ€˜[01m[KActuate_Y[m[Kâ€™ was not declared in this scope; did you mean â€˜[01m[Kactuate[m[Kâ€™?
   46 |       message.data = [01;31m[KActuate_Y[m[K.out;
      |                      [01;31m[K^~~~~~~~~[m[K
      |                      [32m[Kactuate[m[K
make[2]: *** [CMakeFiles/actuate.dir/build.make:76: CMakeFiles/actuate.dir/src/actuate_node.cpp.o] Error 1
make[1]: *** [CMakeFiles/Makefile2:82: CMakeFiles/actuate.dir/all] Error 2
make: *** [Makefile:141: all] Error 2
