[0.059s] Invoking command in '/home/ngvedu/auto/build/auto': CMAKE_PREFIX_PATH=${CMAKE_PREFIX_PATH}:/opt/ros/foxy /usr/bin/cmake --build /home/ngvedu/auto/build/auto -- -j2 -l2
[0.177s] [35m[1mScanning dependencies of target compute[0m
[0.219s] [ 50%] Built target sense
[0.271s] [ 66%] [32mBuilding CXX object CMakeFiles/compute.dir/src/compute_node.cpp.o[0m
[0.280s] [ 83%] [32mBuilding C object CMakeFiles/compute.dir/src/Compute.c.o[0m
[0.328s] [01m[K/home/ngvedu/auto/src/auto/src/Compute.c:20:8:[m[K [01;31m[Kerror: [m[Kexpected identifier or â€˜[01m[K([m[Kâ€™ before string constant
[0.329s]    20 | extern [01;31m[K"C"[m[K {
[0.329s]       |        [01;31m[K^~~[m[K
[0.344s] [01m[K/home/ngvedu/auto/src/auto/src/Compute.c:27:1:[m[K [01;31m[Kerror: [m[Kunknown type name â€˜[01m[KExtU_Compute_T[m[Kâ€™
[0.344s]    27 | [01;31m[KExtU_Compute_T[m[K Compute_U;
[0.344s]       | [01;31m[K^~~~~~~~~~~~~~[m[K
[0.345s] [01m[K/home/ngvedu/auto/src/auto/src/Compute.c:30:1:[m[K [01;31m[Kerror: [m[Kunknown type name â€˜[01m[KExtY_Compute_T[m[Kâ€™
[0.345s]    30 | [01;31m[KExtY_Compute_T[m[K Compute_Y;
[0.345s]       | [01;31m[K^~~~~~~~~~~~~~[m[K
[0.348s] [01m[K/home/ngvedu/auto/src/auto/src/Compute.c:33:1:[m[K [01;31m[Kerror: [m[Kunknown type name â€˜[01m[KRT_MODEL_Compute_T[m[Kâ€™; did you mean â€˜[01m[KRTW_HEADER_Compute_h_[m[Kâ€™?
[0.348s]    33 | [01;31m[KRT_MODEL_Compute_T[m[K Compute_M_;
[0.348s]       | [01;31m[K^~~~~~~~~~~~~~~~~~[m[K
[0.348s]       | [32m[KRTW_HEADER_Compute_h_[m[K
[0.349s] [01m[K/home/ngvedu/auto/src/auto/src/Compute.c:34:1:[m[K [01;31m[Kerror: [m[Kunknown type name â€˜[01m[KRT_MODEL_Compute_T[m[Kâ€™; did you mean â€˜[01m[KRTW_HEADER_Compute_h_[m[Kâ€™?
[0.349s]    34 | [01;31m[KRT_MODEL_Compute_T[m[K *const Compute_M = &Compute_M_;
[0.349s]       | [01;31m[K^~~~~~~~~~~~~~~~~~[m[K
[0.349s]       | [32m[KRTW_HEADER_Compute_h_[m[K
[0.350s] [01m[K/home/ngvedu/auto/src/auto/src/Compute.c:[m[K In function â€˜[01m[KCompute_step[m[Kâ€™:
[0.350s] [01m[K/home/ngvedu/auto/src/auto/src/Compute.c:44:12:[m[K [01;31m[Kerror: [m[Krequest for member â€˜[01m[Kout[m[Kâ€™ in something not a structure or union
[0.351s]    44 |   Compute_Y[01;31m[K.[m[Kout = 2.0 * Compute_U.in;
[0.351s]       |            [01;31m[K^[m[K
[0.351s] [01m[K/home/ngvedu/auto/src/auto/src/Compute.c:44:34:[m[K [01;31m[Kerror: [m[Krequest for member â€˜[01m[Kin[m[Kâ€™ in something not a structure or union
[0.352s]    44 |   Compute_Y.out = 2.0 * Compute_U[01;31m[K.[m[Kin;
[0.352s]       |                                  [01;31m[K^[m[K
[0.355s] make[2]: *** [CMakeFiles/compute.dir/build.make:63: CMakeFiles/compute.dir/src/Compute.c.o] Error 1
[0.355s] make[2]: *** Waiting for unfinished jobs....
[7.809s] make[1]: *** [CMakeFiles/Makefile2:80: CMakeFiles/compute.dir/all] Error 2
[7.812s] make: *** [Makefile:141: all] Error 2
[7.824s] Invoked command in '/home/ngvedu/auto/build/auto' returned '2': CMAKE_PREFIX_PATH=${CMAKE_PREFIX_PATH}:/opt/ros/foxy /usr/bin/cmake --build /home/ngvedu/auto/build/auto -- -j2 -l2
