[35m[1mScanning dependencies of target actuate[0m
[ 11%] [32mBuilding CXX object CMakeFiles/actuate.dir/src/actuate_node.cpp.o[0m
[ 44%] Built target compute
[ 77%] Built target sense
[01m[K/home/ngvedu/auto/src/auto/src/actuate_node.cpp:[m[K In member function â€˜[01m[Kvoid actuate::timer_callback()[m[Kâ€™:
[01m[K/home/ngvedu/auto/src/auto/src/actuate_node.cpp:46:32:[m[K [01;31m[Kerror: [m[Kâ€˜[01m[Kstruct ExtU_Actuate_T[m[Kâ€™ has no member named â€˜[01m[Kout[m[Kâ€™
   46 |       message.data = Actuate_U.[01;31m[Kout[m[K;
      |                                [01;31m[K^~~[m[K
make[2]: *** [CMakeFiles/actuate.dir/build.make:76: CMakeFiles/actuate.dir/src/actuate_node.cpp.o] Error 1
make[1]: *** [CMakeFiles/Makefile2:82: CMakeFiles/actuate.dir/all] Error 2
make: *** [Makefile:141: all] Error 2
