-- Found ament_cmake: 0.9.9 (/opt/ros/foxy/share/ament_cmake/cmake)
-- Using PYTHON_EXECUTABLE: /usr/bin/python3
-- Found ament_cmake_ros: 0.9.2 (/opt/ros/foxy/share/ament_cmake_ros/cmake)
-- Found rclcpp: 2.4.0 (/opt/ros/foxy/share/rclcpp/cmake)
-- Using all available rosidl_typesupport_c: rosidl_typesupport_fastrtps_c;rosidl_typesupport_introspection_c
-- Found rosidl_adapter: 1.2.1 (/opt/ros/foxy/share/rosidl_adapter/cmake)
-- Using all available rosidl_typesupport_cpp: rosidl_typesupport_fastrtps_cpp;rosidl_typesupport_introspection_cpp
-- Found rmw_implementation_cmake: 1.0.3 (/opt/ros/foxy/share/rmw_implementation_cmake/cmake)
-- Using RMW implementation 'rmw_fastrtps_cpp' as default
-- Configuring done
-- Generating done
-- Build files have been written to: /home/ngvedu/auto/build/auto
[35m[1mScanning dependencies of target actuate[0m
[35m[1mScanning dependencies of target compute[0m
[ 11%] [32mBuilding C object CMakeFiles/actuate.dir/src/Actuate.c.o[0m
[ 22%] [32mBuilding C object CMakeFiles/compute.dir/src/Compute.c.o[0m
[ 33%] [32mBuilding CXX object CMakeFiles/compute.dir/src/compute_node.cpp.o[0m
[ 44%] [32mBuilding CXX object CMakeFiles/actuate.dir/src/actuate_node.cpp.o[0m
[01m[K/home/ngvedu/auto/src/auto/src/actuate_node.cpp:[m[K In member function â€˜[01m[Kvoid actuate::topic_callback(std_msgs::msg::Float64_<std::allocator<void> >::SharedPtr) const[m[Kâ€™:
[01m[K/home/ngvedu/auto/src/auto/src/actuate_node.cpp:38:7:[m[K [01;31m[Kerror: [m[Kâ€˜[01m[KActuate_U[m[Kâ€™ was not declared in this scope; did you mean â€˜[01m[Kactuate[m[Kâ€™?
   38 |       [01;31m[KActuate_U[m[K.in = msg->data;
      |       [01;31m[K^~~~~~~~~[m[K
      |       [32m[Kactuate[m[K
[01m[K/home/ngvedu/auto/src/auto/src/actuate_node.cpp:[m[K In member function â€˜[01m[Kvoid actuate::timer_callback()[m[Kâ€™:
[01m[K/home/ngvedu/auto/src/auto/src/actuate_node.cpp:46:22:[m[K [01;31m[Kerror: [m[Kâ€˜[01m[KActuate_Y[m[Kâ€™ was not declared in this scope; did you mean â€˜[01m[Kactuate[m[Kâ€™?
   46 |       message.data = [01;31m[KActuate_Y[m[K.out;
      |                      [01;31m[K^~~~~~~~~[m[K
      |                      [32m[Kactuate[m[K
make[2]: *** [CMakeFiles/actuate.dir/build.make:76: CMakeFiles/actuate.dir/src/actuate_node.cpp.o] Error 1
make[1]: *** [CMakeFiles/Makefile2:82: CMakeFiles/actuate.dir/all] Error 2
make[1]: *** Waiting for unfinished jobs....
[ 55%] [32m[1mLinking CXX executable compute[0m
[ 55%] Built target compute
make: *** [Makefile:141: all] Error 2
