[0.066s] Invoking command in '/home/ngvedu/auto/build/auto': CMAKE_PREFIX_PATH=${CMAKE_PREFIX_PATH}:/opt/ros/foxy /usr/bin/cmake --build /home/ngvedu/auto/build/auto -- -j2 -l2
[0.130s] -- Found ament_cmake: 0.9.9 (/opt/ros/foxy/share/ament_cmake/cmake)
[0.158s] -- Using PYTHON_EXECUTABLE: /usr/bin/python3
[0.411s] -- Found ament_cmake_ros: 0.9.2 (/opt/ros/foxy/share/ament_cmake_ros/cmake)
[0.421s] -- Found rclcpp: 2.4.0 (/opt/ros/foxy/share/rclcpp/cmake)
[0.681s] -- Using all available rosidl_typesupport_c: rosidl_typesupport_fastrtps_c;rosidl_typesupport_introspection_c
[0.696s] -- Found rosidl_adapter: 1.2.1 (/opt/ros/foxy/share/rosidl_adapter/cmake)
[5.252s] -- Using all available rosidl_typesupport_cpp: rosidl_typesupport_fastrtps_cpp;rosidl_typesupport_introspection_cpp
[5.330s] -- Found rmw_implementation_cmake: 1.0.3 (/opt/ros/foxy/share/rmw_implementation_cmake/cmake)
[5.332s] -- Using RMW implementation 'rmw_fastrtps_cpp' as default
[5.634s] -- Configuring done
[5.685s] -- Generating done
[5.692s] -- Build files have been written to: /home/ngvedu/auto/build/auto
[5.742s] [35m[1mScanning dependencies of target actuate[0m
[5.770s] [35m[1mScanning dependencies of target compute[0m
[5.828s] [ 11%] [32mBuilding C object CMakeFiles/actuate.dir/src/Actuate.c.o[0m
[5.909s] [ 22%] [32mBuilding C object CMakeFiles/compute.dir/src/Compute.c.o[0m
[6.022s] [ 33%] [32mBuilding CXX object CMakeFiles/compute.dir/src/compute_node.cpp.o[0m
[6.026s] [ 44%] [32mBuilding CXX object CMakeFiles/actuate.dir/src/actuate_node.cpp.o[0m
[9.301s] [01m[K/home/ngvedu/auto/src/auto/src/actuate_node.cpp:[m[K In member function â€˜[01m[Kvoid actuate::topic_callback(std_msgs::msg::Float64_<std::allocator<void> >::SharedPtr) const[m[Kâ€™:
[9.302s] [01m[K/home/ngvedu/auto/src/auto/src/actuate_node.cpp:38:7:[m[K [01;31m[Kerror: [m[Kâ€˜[01m[KActuate_U[m[Kâ€™ was not declared in this scope; did you mean â€˜[01m[Kactuate[m[Kâ€™?
[9.302s]    38 |       [01;31m[KActuate_U[m[K.in = msg->data;
[9.302s]       |       [01;31m[K^~~~~~~~~[m[K
[9.302s]       |       [32m[Kactuate[m[K
[9.307s] [01m[K/home/ngvedu/auto/src/auto/src/actuate_node.cpp:[m[K In member function â€˜[01m[Kvoid actuate::timer_callback()[m[Kâ€™:
[9.307s] [01m[K/home/ngvedu/auto/src/auto/src/actuate_node.cpp:46:22:[m[K [01;31m[Kerror: [m[Kâ€˜[01m[KActuate_Y[m[Kâ€™ was not declared in this scope; did you mean â€˜[01m[Kactuate[m[Kâ€™?
[9.308s]    46 |       message.data = [01;31m[KActuate_Y[m[K.out;
[9.308s]       |                      [01;31m[K^~~~~~~~~[m[K
[9.308s]       |                      [32m[Kactuate[m[K
[13.032s] make[2]: *** [CMakeFiles/actuate.dir/build.make:76: CMakeFiles/actuate.dir/src/actuate_node.cpp.o] Error 1
[13.032s] make[1]: *** [CMakeFiles/Makefile2:82: CMakeFiles/actuate.dir/all] Error 2
[13.032s] make[1]: *** Waiting for unfinished jobs....
[16.476s] [ 55%] [32m[1mLinking CXX executable compute[0m
[16.966s] [ 55%] Built target compute
[16.967s] make: *** [Makefile:141: all] Error 2
[16.976s] Invoked command in '/home/ngvedu/auto/build/auto' returned '2': CMAKE_PREFIX_PATH=${CMAKE_PREFIX_PATH}:/opt/ros/foxy /usr/bin/cmake --build /home/ngvedu/auto/build/auto -- -j2 -l2
