[0.032s] Invoking command in '/home/ngvedu/auto/build/auto': CMAKE_PREFIX_PATH=${CMAKE_PREFIX_PATH}:/opt/ros/foxy /usr/bin/cmake --build /home/ngvedu/auto/build/auto -- -j2 -l2
[0.170s] [ 33%] [32mBuilding CXX object CMakeFiles/sense.dir/src/sense_node.cpp.o[0m
[2.101s] [01m[K/home/ngvedu/auto/src/auto/src/sense_node.cpp:25:12:[m[K [01;31m[Kerror: [m[KISO C++ forbids declaration of â€˜[01m[KSinPub[m[Kâ€™ with no type [[01;31m[K-fpermissive[m[K]
[2.101s]    25 |     SinPub([01;31m[K)[m[K
[2.102s]       |            [01;31m[K^[m[K
[2.115s] [01m[K/home/ngvedu/auto/src/auto/src/sense_node.cpp:[m[K In member function â€˜[01m[Kint sense::SinPub()[m[Kâ€™:
[2.115s] [01m[K/home/ngvedu/auto/src/auto/src/sense_node.cpp:26:7:[m[K [01;31m[Kerror: [m[Konly constructors take member initializers
[2.116s]    26 |     : [01;31m[KNode[m[K("sense_out"), count_(0)
[2.116s]       |       [01;31m[K^~~~[m[K
[2.118s] [01m[K/home/ngvedu/auto/src/auto/src/sense_node.cpp:30:25:[m[K [01;31m[Kerror: [m[Kâ€˜[01m[Ksense_out[m[Kâ€™ has not been declared
[2.118s]    30 |       100ms, std::bind(&[01;31m[Ksense_out[m[K::timer_callback, this));
[2.118s]       |                         [01;31m[K^~~~~~~~~[m[K
[2.118s] [01m[K/home/ngvedu/auto/src/auto/src/sense_node.cpp:31:5:[m[K [01;35m[Kwarning: [m[Kno return statement in function returning non-void [[01;35m[K-Wreturn-type[m[K]
[2.118s]    31 |     [01;35m[K}[m[K
[2.118s]       |     [01;35m[K^[m[K
[2.134s] [01m[K/home/ngvedu/auto/src/auto/src/sense_node.cpp:[m[K In function â€˜[01m[Kint main(int, char**)[m[Kâ€™:
[2.134s] [01m[K/home/ngvedu/auto/src/auto/src/sense_node.cpp:53:33:[m[K [01;31m[Kerror: [m[Kâ€˜[01m[Ksense_out[m[Kâ€™ was not declared in this scope
[2.134s]    53 |   rclcpp::spin(std::make_shared<[01;31m[Ksense_out[m[K>());
[2.134s]       |                                 [01;31m[K^~~~~~~~~[m[K
[2.134s] [01m[K/home/ngvedu/auto/src/auto/src/sense_node.cpp:53:44:[m[K [01;31m[Kerror: [m[Kno matching function for call to â€˜[01m[Kmake_shared<<expression error> >()[m[Kâ€™
[2.135s]    53 |   rclcpp::spin(std::make_shared<sense_out>([01;31m[K)[m[K);
[2.135s]       |                                            [01;31m[K^[m[K
[2.135s] In file included from [01m[K/usr/include/c++/9/memory:81[m[K,
[2.135s]                  from [01m[K/home/ngvedu/auto/src/auto/src/sense_node.cpp:8[m[K:
[2.135s] [01m[K/usr/include/c++/9/bits/shared_ptr.h:714:5:[m[K [01;36m[Knote: [m[Kcandidate: â€˜[01m[Ktemplate<class _Tp, class ... _Args> std::shared_ptr<_Tp> std::make_shared(_Args&& ...)[m[Kâ€™
[2.135s]   714 |     [01;36m[Kmake_shared[m[K(_Args&&... __args)
[2.135s]       |     [01;36m[K^~~~~~~~~~~[m[K
[2.135s] [01m[K/usr/include/c++/9/bits/shared_ptr.h:714:5:[m[K [01;36m[Knote: [m[K  template argument deduction/substitution failed:
[2.136s] [01m[K/home/ngvedu/auto/src/auto/src/sense_node.cpp:53:44:[m[K [01;31m[Kerror: [m[Ktemplate argument 1 is invalid
[2.136s]    53 |   rclcpp::spin(std::make_shared<sense_out>([01;31m[K)[m[K);
[2.136s]       |                                            [01;31m[K^[m[K
[2.936s] make[2]: *** [CMakeFiles/sense.dir/build.make:76: CMakeFiles/sense.dir/src/sense_node.cpp.o] Error 1
[2.936s] make[1]: *** [CMakeFiles/Makefile2:78: CMakeFiles/sense.dir/all] Error 2
[2.936s] make: *** [Makefile:141: all] Error 2
[2.941s] Invoked command in '/home/ngvedu/auto/build/auto' returned '2': CMAKE_PREFIX_PATH=${CMAKE_PREFIX_PATH}:/opt/ros/foxy /usr/bin/cmake --build /home/ngvedu/auto/build/auto -- -j2 -l2
