-- Found ament_cmake: 0.9.9 (/opt/ros/foxy/share/ament_cmake/cmake)
-- Using PYTHON_EXECUTABLE: /usr/bin/python3
-- Found ament_cmake_ros: 0.9.2 (/opt/ros/foxy/share/ament_cmake_ros/cmake)
-- Found rclcpp: 2.4.0 (/opt/ros/foxy/share/rclcpp/cmake)
-- Using all available rosidl_typesupport_c: rosidl_typesupport_fastrtps_c;rosidl_typesupport_introspection_c
-- Found rosidl_adapter: 1.2.1 (/opt/ros/foxy/share/rosidl_adapter/cmake)
-- Using all available rosidl_typesupport_cpp: rosidl_typesupport_fastrtps_cpp;rosidl_typesupport_introspection_cpp
-- Found rmw_implementation_cmake: 1.0.3 (/opt/ros/foxy/share/rmw_implementation_cmake/cmake)
-- Using RMW implementation 'rmw_fastrtps_cpp' as default
-- Found rclpy: 1.0.7 (/opt/ros/foxy/share/rclpy/cmake)
-- Configuring done
-- Generating done
-- Build files have been written to: /home/ngvedu/auto/build/auto
[35m[1mScanning dependencies of target compute[0m
[ 11%] [32mBuilding C object CMakeFiles/actuate.dir/src/Actuate.c.o[0m
[ 22%] [32mBuilding C object CMakeFiles/compute.dir/src/Compute.c.o[0m
[ 33%] [32mBuilding CXX object CMakeFiles/compute.dir/src/compute_node.cpp.o[0m
[ 44%] [32mBuilding CXX object CMakeFiles/actuate.dir/src/actuate_node.cpp.o[0m
[ 55%] [32m[1mLinking CXX executable compute[0m
[ 66%] [32m[1mLinking CXX executable actuate[0m
/usr/bin/ld: CMakeFiles/compute.dir/src/compute_node.cpp.o: in function `main':
compute_node.cpp:(.text+0x1ad): undefined reference to `Compute_initialize()'
/usr/bin/ld: compute_node.cpp:(.text+0x2e3): undefined reference to `Compute_terminate()'
/usr/bin/ld: CMakeFiles/compute.dir/src/compute_node.cpp.o: in function `compute::topic_callback(std::shared_ptr<std_msgs::msg::Float64_<std::allocator<void> > >) const':
compute_node.cpp:(.text._ZNK7compute14topic_callbackESt10shared_ptrIN8std_msgs3msg8Float64_ISaIvEEEE[_ZNK7compute14topic_callbackESt10shared_ptrIN8std_msgs3msg8Float64_ISaIvEEEE]+0x2d): undefined reference to `Compute_step()'
collect2: error: ld returned 1 exit status
make[2]: *** [CMakeFiles/compute.dir/build.make:146: compute] Error 1
make[1]: *** [CMakeFiles/Makefile2:109: CMakeFiles/compute.dir/all] Error 2
make[1]: *** Waiting for unfinished jobs....
[ 66%] Built target actuate
make: *** [Makefile:141: all] Error 2
