[35m[1mScanning dependencies of target actuate[0m
[ 33%] Built target compute
[ 44%] [32mBuilding CXX object CMakeFiles/actuate.dir/src/actuate_node.cpp.o[0m
[ 77%] Built target sense
[01m[K/home/ngvedu/auto/src/auto/src/actuate_node.cpp:[m[K In member function â€˜[01m[Kvoid actuate::topic_callback(std_msgs::msg::Float64_<std::allocator<void> >::SharedPtr) const[m[Kâ€™:
[01m[K/home/ngvedu/auto/src/auto/src/actuate_node.cpp:38:14:[m[K [01;31m[Kerror: [m[Kexpected unqualified-id before â€˜[01m[K.[m[Kâ€™ token
   38 |       actuate[01;31m[K.[m[Kin = msg->data;
      |              [01;31m[K^[m[K
[01m[K/home/ngvedu/auto/src/auto/src/actuate_node.cpp:[m[K In member function â€˜[01m[Kvoid actuate::timer_callback()[m[Kâ€™:
[01m[K/home/ngvedu/auto/src/auto/src/actuate_node.cpp:46:29:[m[K [01;31m[Kerror: [m[Kexpected primary-expression before â€˜[01m[K.[m[Kâ€™ token
   46 |       message.data = actuate[01;31m[K.[m[Kout;
      |                             [01;31m[K^[m[K
make[2]: *** [CMakeFiles/actuate.dir/build.make:76: CMakeFiles/actuate.dir/src/actuate_node.cpp.o] Error 1
make[1]: *** [CMakeFiles/Makefile2:82: CMakeFiles/actuate.dir/all] Error 2
make: *** [Makefile:141: all] Error 2
