[01m[K/home/ngvedu/auto/src/auto/src/sense_node.cpp:[m[K In function â€˜[01m[Kint main(int, char**)[m[Kâ€™:
[01m[K/home/ngvedu/auto/src/auto/src/sense_node.cpp:51:33:[m[K [01;31m[Kerror: [m[Kâ€˜[01m[KMinimalPublisher[m[Kâ€™ was not declared in this scope
   51 |   rclcpp::spin(std::make_shared<[01;31m[KMinimalPublisher[m[K>());
      |                                 [01;31m[K^~~~~~~~~~~~~~~~[m[K
[01m[K/home/ngvedu/auto/src/auto/src/sense_node.cpp:51:51:[m[K [01;31m[Kerror: [m[Kno matching function for call to â€˜[01m[Kmake_shared<<expression error> >()[m[Kâ€™
   51 |   rclcpp::spin(std::make_shared<MinimalPublisher>([01;31m[K)[m[K);
      |                                                   [01;31m[K^[m[K
In file included from [01m[K/usr/include/c++/9/memory:81[m[K,
                 from [01m[K/home/ngvedu/auto/src/auto/src/sense_node.cpp:8[m[K:
[01m[K/usr/include/c++/9/bits/shared_ptr.h:714:5:[m[K [01;36m[Knote: [m[Kcandidate: â€˜[01m[Ktemplate<class _Tp, class ... _Args> std::shared_ptr<_Tp> std::make_shared(_Args&& ...)[m[Kâ€™
  714 |     [01;36m[Kmake_shared[m[K(_Args&&... __args)
      |     [01;36m[K^~~~~~~~~~~[m[K
[01m[K/usr/include/c++/9/bits/shared_ptr.h:714:5:[m[K [01;36m[Knote: [m[K  template argument deduction/substitution failed:
[01m[K/home/ngvedu/auto/src/auto/src/sense_node.cpp:51:51:[m[K [01;31m[Kerror: [m[Ktemplate argument 1 is invalid
   51 |   rclcpp::spin(std::make_shared<MinimalPublisher>([01;31m[K)[m[K);
      |                                                   [01;31m[K^[m[K
make[2]: *** [CMakeFiles/sense.dir/build.make:76: CMakeFiles/sense.dir/src/sense_node.cpp.o] Error 1
make[1]: *** [CMakeFiles/Makefile2:78: CMakeFiles/sense.dir/all] Error 2
make: *** [Makefile:141: all] Error 2
